0 info it worked if it ends with ok
1 verbose cli [ 'node',
1 verbose cli   '/usr/local/bin/npm',
1 verbose cli   'install',
1 verbose cli   'node-express-generator',
1 verbose cli   '--save' ]
2 info using npm@2.11.3
3 info using node@v0.12.0
4 verbose install initial load of /Users/VincentSong/Desktop/Project/personal_portfolio/package.json
5 warn package.json personalPortfolio@0.0.0 No description
6 warn package.json personalPortfolio@0.0.0 No repository field.
7 warn package.json personalPortfolio@0.0.0 No README data
8 warn package.json personalPortfolio@0.0.0 No license field.
9 verbose installManyTop reading scoped package data from /Users/VincentSong/Desktop/Project/personal_portfolio/node_modules/browser-sync/package.json
10 verbose installManyTop reading scoped package data from /Users/VincentSong/Desktop/Project/personal_portfolio/node_modules/chalk/package.json
11 verbose installManyTop reading scoped package data from /Users/VincentSong/Desktop/Project/personal_portfolio/node_modules/del/package.json
12 verbose installManyTop reading scoped package data from /Users/VincentSong/Desktop/Project/personal_portfolio/node_modules/express/package.json
13 verbose installManyTop reading scoped package data from /Users/VincentSong/Desktop/Project/personal_portfolio/node_modules/flightplan/package.json
14 verbose installManyTop reading scoped package data from /Users/VincentSong/Desktop/Project/personal_portfolio/node_modules/fly/package.json
15 verbose installManyTop reading scoped package data from /Users/VincentSong/Desktop/Project/personal_portfolio/node_modules/forever/package.json
16 verbose installManyTop reading scoped package data from /Users/VincentSong/Desktop/Project/personal_portfolio/node_modules/gulp/package.json
17 verbose installManyTop reading scoped package data from /Users/VincentSong/Desktop/Project/personal_portfolio/node_modules/gulp-angular-filesort/package.json
18 verbose installManyTop reading scoped package data from /Users/VincentSong/Desktop/Project/personal_portfolio/node_modules/gulp-angular-templatecache/package.json
19 verbose installManyTop reading scoped package data from /Users/VincentSong/Desktop/Project/personal_portfolio/node_modules/gulp-autoprefixer/package.json
20 verbose installManyTop reading scoped package data from /Users/VincentSong/Desktop/Project/personal_portfolio/node_modules/gulp-consolidate/package.json
21 verbose installManyTop reading scoped package data from /Users/VincentSong/Desktop/Project/personal_portfolio/node_modules/gulp-csso/package.json
22 verbose installManyTop reading scoped package data from /Users/VincentSong/Desktop/Project/personal_portfolio/node_modules/gulp-filter/package.json
23 verbose installManyTop reading scoped package data from /Users/VincentSong/Desktop/Project/personal_portfolio/node_modules/gulp-flatten/package.json
24 verbose installManyTop reading scoped package data from /Users/VincentSong/Desktop/Project/personal_portfolio/node_modules/gulp-inject/package.json
25 verbose installManyTop reading scoped package data from /Users/VincentSong/Desktop/Project/personal_portfolio/node_modules/gulp-jshint/package.json
26 verbose installManyTop reading scoped package data from /Users/VincentSong/Desktop/Project/personal_portfolio/node_modules/gulp-karma/package.json
27 verbose installManyTop reading scoped package data from /Users/VincentSong/Desktop/Project/personal_portfolio/node_modules/gulp-load-plugins/package.json
28 verbose installManyTop reading scoped package data from /Users/VincentSong/Desktop/Project/personal_portfolio/node_modules/gulp-minify-html/package.json
29 verbose installManyTop reading scoped package data from /Users/VincentSong/Desktop/Project/personal_portfolio/node_modules/gulp-ng-annotate/package.json
30 verbose installManyTop reading scoped package data from /Users/VincentSong/Desktop/Project/personal_portfolio/node_modules/gulp-protractor/package.json
31 verbose installManyTop reading scoped package data from /Users/VincentSong/Desktop/Project/personal_portfolio/node_modules/gulp-rename/package.json
32 verbose installManyTop reading scoped package data from /Users/VincentSong/Desktop/Project/personal_portfolio/node_modules/gulp-replace/package.json
33 verbose installManyTop reading scoped package data from /Users/VincentSong/Desktop/Project/personal_portfolio/node_modules/gulp-rev/package.json
34 verbose installManyTop reading scoped package data from /Users/VincentSong/Desktop/Project/personal_portfolio/node_modules/gulp-rev-replace/package.json
35 verbose installManyTop reading scoped package data from /Users/VincentSong/Desktop/Project/personal_portfolio/node_modules/gulp-sass/package.json
36 verbose installManyTop reading scoped package data from /Users/VincentSong/Desktop/Project/personal_portfolio/node_modules/gulp-size/package.json
37 verbose installManyTop reading scoped package data from /Users/VincentSong/Desktop/Project/personal_portfolio/node_modules/gulp-uglify/package.json
38 verbose installManyTop reading scoped package data from /Users/VincentSong/Desktop/Project/personal_portfolio/node_modules/gulp-useref/package.json
39 verbose installManyTop reading scoped package data from /Users/VincentSong/Desktop/Project/personal_portfolio/node_modules/http-proxy/package.json
40 verbose installManyTop reading scoped package data from /Users/VincentSong/Desktop/Project/personal_portfolio/node_modules/jasmine-core/package.json
41 verbose installManyTop reading scoped package data from /Users/VincentSong/Desktop/Project/personal_portfolio/node_modules/jshint-stylish/package.json
42 verbose installManyTop reading scoped package data from /Users/VincentSong/Desktop/Project/personal_portfolio/node_modules/karma/package.json
43 verbose installManyTop reading scoped package data from /Users/VincentSong/Desktop/Project/personal_portfolio/node_modules/karma-jasmine/package.json
44 verbose installManyTop reading scoped package data from /Users/VincentSong/Desktop/Project/personal_portfolio/node_modules/karma-phantomjs-launcher/package.json
45 verbose installManyTop reading scoped package data from /Users/VincentSong/Desktop/Project/personal_portfolio/node_modules/main-bower-files/package.json
46 verbose installManyTop reading scoped package data from /Users/VincentSong/Desktop/Project/personal_portfolio/node_modules/protractor/package.json
47 verbose installManyTop reading scoped package data from /Users/VincentSong/Desktop/Project/personal_portfolio/node_modules/require-dir/package.json
48 verbose installManyTop reading scoped package data from /Users/VincentSong/Desktop/Project/personal_portfolio/node_modules/uglify-save-license/package.json
49 verbose installManyTop reading scoped package data from /Users/VincentSong/Desktop/Project/personal_portfolio/node_modules/wiredep/package.json
50 info package.json fly@0.0.0 No description
51 info package.json fly@0.0.0 No repository field.
52 info package.json fly@0.0.0 No README data
53 info package.json gulp-consolidate@0.1.2 No license field.
54 info package.json gulp@3.8.11 No license field.
55 info package.json gulp-inject@1.0.2 No license field.
56 info package.json gulp-minify-html@0.1.8 No license field.
57 info package.json browser-sync@1.7.3 No license field.
58 info package.json gulp-rename@1.2.2 No license field.
59 info package.json gulp-protractor@0.0.12 No license field.
60 info package.json forever@0.14.1 No license field.
61 info package.json require-dir@0.1.0 No license field.
62 info package.json uglify-save-license@0.4.1 No license field.
63 info package.json wiredep@2.2.2 No license field.
64 info package.json gulp-jshint@1.9.4 No license field.
65 info package.json gulp-ng-annotate@1.0.0 license should be a valid SPDX license expression
66 verbose readDependencies loading dependencies from /Users/VincentSong/Desktop/Project/personal_portfolio/package.json
67 silly cache add args [ 'node-express-generator', null ]
68 verbose cache add spec node-express-generator
69 silly cache add parsed spec { raw: 'node-express-generator',
69 silly cache add   scope: null,
69 silly cache add   name: 'node-express-generator',
69 silly cache add   rawSpec: '',
69 silly cache add   spec: '*',
69 silly cache add   type: 'range' }
70 silly addNamed node-express-generator@*
71 verbose addNamed "*" is a valid semver range for node-express-generator
72 silly addNameRange { name: 'node-express-generator', range: '*', hasData: false }
73 silly mapToRegistry name node-express-generator
74 silly mapToRegistry using default registry
75 silly mapToRegistry registry https://registry.npmjs.org/
76 silly mapToRegistry uri https://registry.npmjs.org/node-express-generator
77 verbose addNameRange registry:https://registry.npmjs.org/node-express-generator not in flight; fetching
78 verbose request uri https://registry.npmjs.org/node-express-generator
79 verbose request no auth needed
80 info attempt registry request try #1 at 10:33:13 PM
81 verbose request id 03c9603079246d21
82 http request GET https://registry.npmjs.org/node-express-generator
83 http 404 https://registry.npmjs.org/node-express-generator
84 verbose headers { server: 'CouchDB/1.5.0 (Erlang OTP/R16B03)',
84 verbose headers   'content-type': 'application/json',
84 verbose headers   'cache-control': 'max-age=0',
84 verbose headers   'content-length': '51',
84 verbose headers   'accept-ranges': 'bytes',
84 verbose headers   date: 'Thu, 25 Jun 2015 05:33:14 GMT',
84 verbose headers   via: '1.1 varnish',
84 verbose headers   age: '0',
84 verbose headers   connection: 'keep-alive',
84 verbose headers   'x-served-by': 'cache-sjc3132-SJC',
84 verbose headers   'x-cache': 'MISS',
84 verbose headers   'x-cache-hits': '0',
84 verbose headers   'x-timer': 'S1435210394.602037,VS0,VE347' }
85 silly get cb [ 404,
85 silly get   { server: 'CouchDB/1.5.0 (Erlang OTP/R16B03)',
85 silly get     'content-type': 'application/json',
85 silly get     'cache-control': 'max-age=0',
85 silly get     'content-length': '51',
85 silly get     'accept-ranges': 'bytes',
85 silly get     date: 'Thu, 25 Jun 2015 05:33:14 GMT',
85 silly get     via: '1.1 varnish',
85 silly get     age: '0',
85 silly get     connection: 'keep-alive',
85 silly get     'x-served-by': 'cache-sjc3132-SJC',
85 silly get     'x-cache': 'MISS',
85 silly get     'x-cache-hits': '0',
85 silly get     'x-timer': 'S1435210394.602037,VS0,VE347' } ]
86 verbose stack Error: 404 Not Found: node-express-generator
86 verbose stack     at CachingRegistryClient.<anonymous> (/usr/local/lib/node_modules/npm/node_modules/npm-registry-client/lib/request.js:245:14)
86 verbose stack     at Request._callback (/usr/local/lib/node_modules/npm/node_modules/npm-registry-client/lib/request.js:170:14)
86 verbose stack     at Request.self.callback (/usr/local/lib/node_modules/npm/node_modules/request/request.js:354:22)
86 verbose stack     at Request.emit (events.js:110:17)
86 verbose stack     at Request.<anonymous> (/usr/local/lib/node_modules/npm/node_modules/request/request.js:1207:14)
86 verbose stack     at Request.emit (events.js:129:20)
86 verbose stack     at IncomingMessage.<anonymous> (/usr/local/lib/node_modules/npm/node_modules/request/request.js:1153:12)
86 verbose stack     at IncomingMessage.emit (events.js:129:20)
86 verbose stack     at _stream_readable.js:908:16
86 verbose stack     at process._tickCallback (node.js:355:11)
87 verbose statusCode 404
88 verbose pkgid node-express-generator
89 verbose cwd /Users/VincentSong/Desktop/Project/personal_portfolio
90 error Darwin 13.4.0
91 error argv "node" "/usr/local/bin/npm" "install" "node-express-generator" "--save"
92 error node v0.12.0
93 error npm  v2.11.3
94 error code E404
95 error 404 Not Found: node-express-generator
95 error 404
95 error 404 'node-express-generator' is not in the npm registry.
95 error 404 You should bug the author to publish it (or use the name yourself!)
95 error 404 It was specified as a dependency of 'personalPortfolio'
95 error 404
95 error 404 Note that you can also install from a
95 error 404 tarball, folder, http url, or git url.
96 verbose exit [ 1, true ]
